<?xml version="1.0" encoding="UTF-8"?>
<!-- Generated by org.testng.reporters.JUnitReportReporter -->
<testsuite hostname="Vyacheslav-ой" name="com.example.tests.GroupCreationTests" tests="2" failures="0" timestamp="2 Dec 2012 11:30:38 GMT" time="1.883" errors="0">
  <testcase name="testNonEmtpyGroupCreation" time="1.013" classname="com.example.tests.GroupCreationTests"/>
  <testcase name="testEmtpyGroupCreation" time="0.870" classname="com.example.tests.GroupCreationTests"/>
</testsuite> <!-- com.example.tests.GroupCreationTests -->
