<?xml version="1.0" encoding="UTF-8"?>
<!-- Generated by org.testng.reporters.JUnitReportReporter -->
<testsuite hostname="Vyacheslav-ой" name="com.example.tests.ContatCreationTests" tests="2" failures="0" timestamp="16 Dec 2012 15:01:47 GMT" time="3.270" errors="0">
  <testcase name="testNonEmptyContactCreation" time="0.772" classname="com.example.tests.ContatCreationTests"/>
  <testcase name="testEmptyContactCreation" time="2.498" classname="com.example.tests.ContatCreationTests"/>
</testsuite> <!-- com.example.tests.ContatCreationTests -->
