<?xml version="1.0" encoding="UTF-8"?>
<!-- Generated by org.testng.reporters.JUnitReportReporter -->
<testsuite hostname="Vyacheslav-ой" name="com.example.tests.ContactCreationTests" tests="2" failures="0" timestamp="8 Dec 2012 19:42:29 GMT" time="3.992" errors="0">
  <testcase name="test1EmpryContactCreation" time="1.955" classname="com.example.tests.ContactCreationTests"/>
  <testcase name="test1NonEmpryContactCreation" time="2.037" classname="com.example.tests.ContactCreationTests"/>
</testsuite> <!-- com.example.tests.ContactCreationTests -->
