<?xml version="1.0" encoding="UTF-8"?>
<!-- Generated by org.testng.reporters.JUnitReportReporter -->
<testsuite hostname="Vyacheslav-ой" name="com.example.tests.ContatCreationTests" tests="1" failures="0" timestamp="24 Dec 2012 14:42:03 GMT" time="2.639" errors="0">
  <testcase name="testNonEmptyContactCreation" time="2.639" classname="com.example.tests.ContatCreationTests"/>
</testsuite> <!-- com.example.tests.ContatCreationTests -->
