<?xml version="1.0" encoding="UTF-8"?>
<!-- Generated by org.testng.reporters.JUnitReportReporter -->
<testsuite hostname="Vyacheslav-ой" name="com.example.tests.GroupModificationTests" tests="5" failures="0" timestamp="5 Jan 2013 13:14:59 GMT" time="10.446" errors="0">
  <testcase name="modifySomeGroup" time="2.074" classname="com.example.tests.GroupModificationTests"/>
  <testcase name="modifySomeGroup" time="2.216" classname="com.example.tests.GroupModificationTests"/>
  <testcase name="modifySomeGroup" time="1.859" classname="com.example.tests.GroupModificationTests"/>
  <testcase name="modifySomeGroup" time="2.566" classname="com.example.tests.GroupModificationTests"/>
  <testcase name="modifySomeGroup" time="1.731" classname="com.example.tests.GroupModificationTests"/>
</testsuite> <!-- com.example.tests.GroupModificationTests -->
