<?xml version="1.0" encoding="UTF-8"?>
<!-- Generated by org.testng.reporters.JUnitReportReporter -->
<testsuite hostname="Vyacheslav-ой" name="com.example.tests.AlsoGroupCreationTests" tests="2" failures="0" timestamp="29 Nov 2012 15:43:50 GMT" time="2.927" errors="0">
  <testcase name="testEmtpyGroupCreation" time="1.742" classname="com.example.tests.AlsoGroupCreationTests"/>
  <testcase name="testNonEmtpyGroupCreation" time="1.185" classname="com.example.tests.AlsoGroupCreationTests"/>
</testsuite> <!-- com.example.tests.AlsoGroupCreationTests -->
