<?xml version="1.0" encoding="UTF-8"?>
<!-- Generated by org.testng.reporters.JUnitReportReporter -->
<testsuite hostname="Vyacheslav-ой" name="com.example.tests.AlsoGroupCreationTests" tests="2" failures="0" timestamp="30 Nov 2012 17:09:27 GMT" time="2.421" errors="0">
  <testcase name="testNonEmtpyGroupCreation" time="1.108" classname="com.example.tests.AlsoGroupCreationTests"/>
  <testcase name="testEmtpyGroupCreation" time="1.313" classname="com.example.tests.AlsoGroupCreationTests"/>
</testsuite> <!-- com.example.tests.AlsoGroupCreationTests -->
