<?xml version="1.0" encoding="UTF-8"?>
<!-- Generated by org.testng.reporters.JUnitReportReporter -->
<testsuite hostname="Vyacheslav-ой" name="com.example.tests.GroupCreationTests" tests="2" failures="0" timestamp="29 Nov 2012 15:43:50 GMT" time="3.650" errors="0">
  <testcase name="testNonEmtpyGroupCreation" time="0.915" classname="com.example.tests.GroupCreationTests"/>
  <testcase name="testEmtpyGroupCreation" time="2.735" classname="com.example.tests.GroupCreationTests"/>
</testsuite> <!-- com.example.tests.GroupCreationTests -->
