<?xml version="1.0" encoding="UTF-8"?>
<!-- Generated by org.testng.reporters.JUnitReportReporter -->
<testsuite hostname="Vyacheslav-ой" name="com.example.tests.GroupModificationTests" tests="5" failures="0" timestamp="26 Dec 2012 13:46:31 GMT" time="11.145" errors="0">
  <testcase name="modifySomeGroup" time="2.119" classname="com.example.tests.GroupModificationTests"/>
  <testcase name="modifySomeGroup" time="2.674" classname="com.example.tests.GroupModificationTests"/>
  <testcase name="modifySomeGroup" time="2.111" classname="com.example.tests.GroupModificationTests"/>
  <testcase name="modifySomeGroup" time="2.019" classname="com.example.tests.GroupModificationTests"/>
  <testcase name="modifySomeGroup" time="2.222" classname="com.example.tests.GroupModificationTests"/>
</testsuite> <!-- com.example.tests.GroupModificationTests -->
