<?xml version="1.0" encoding="UTF-8"?>
<!-- Generated by org.testng.reporters.JUnitReportReporter -->
<testsuite hostname="Vyacheslav-ой" name="com.example.tests.ContactModificationTests" tests="1" failures="0" timestamp="25 Dec 2012 11:59:49 GMT" time="32.803" errors="0">
  <testcase name="modifySomeContact" time="32.803" classname="com.example.tests.ContactModificationTests"/>
</testsuite> <!-- com.example.tests.ContactModificationTests -->
