<?xml version="1.0" encoding="UTF-8"?>
<!-- Generated by org.testng.reporters.JUnitReportReporter -->
<testsuite hostname="Vyacheslav-ой" name="com.example.tests.ContatCreationTests" tests="5" failures="0" timestamp="16 Jan 2013 16:04:30 GMT" time="37.275" errors="0">
  <testcase name="testContactCreationWithValidData" time="6.911" classname="com.example.tests.ContatCreationTests"/>
  <testcase name="testContactCreationWithValidData" time="8.602" classname="com.example.tests.ContatCreationTests"/>
  <testcase name="testContactCreationWithValidData" time="6.512" classname="com.example.tests.ContatCreationTests"/>
  <testcase name="testContactCreationWithValidData" time="8.535" classname="com.example.tests.ContatCreationTests"/>
  <testcase name="testContactCreationWithValidData" time="6.715" classname="com.example.tests.ContatCreationTests"/>
</testsuite> <!-- com.example.tests.ContatCreationTests -->
