<?xml version="1.0" encoding="UTF-8"?>
<!-- Generated by org.testng.reporters.JUnitReportReporter -->
<testsuite hostname="Vyacheslav-ой" name="com.example.tests.ContactRemovalTests" tests="1" failures="0" timestamp="18 Dec 2012 11:24:44 GMT" time="1.175" errors="0">
  <testcase name="deleteSomeContact" time="1.175" classname="com.example.tests.ContactRemovalTests"/>
</testsuite> <!-- com.example.tests.ContactRemovalTests -->
