<?xml version="1.0" encoding="UTF-8"?>
<!-- Generated by org.testng.reporters.JUnitReportReporter -->
<testsuite hostname="Vyacheslav-ой" name="com.example.tests.ContactModificationTests" tests="5" failures="0" timestamp="16 Jan 2013 16:12:10 GMT" time="181.103" errors="0">
  <testcase name="modifySomeContact" time="36.050" classname="com.example.tests.ContactModificationTests"/>
  <testcase name="modifySomeContact" time="35.656" classname="com.example.tests.ContactModificationTests"/>
  <testcase name="modifySomeContact" time="35.630" classname="com.example.tests.ContactModificationTests"/>
  <testcase name="modifySomeContact" time="37.577" classname="com.example.tests.ContactModificationTests"/>
  <testcase name="modifySomeContact" time="36.190" classname="com.example.tests.ContactModificationTests"/>
</testsuite> <!-- com.example.tests.ContactModificationTests -->
