<?xml version="1.0" encoding="UTF-8"?>
<!-- Generated by org.testng.reporters.JUnitReportReporter -->
<testsuite hostname="Vyacheslav-ой" name="com.example.tests.GroupModificationTests" tests="1" failures="0" timestamp="25 Dec 2012 11:57:36 GMT" time="3.108" errors="0">
  <testcase name="modifySomeGroup" time="3.108" classname="com.example.tests.GroupModificationTests"/>
</testsuite> <!-- com.example.tests.GroupModificationTests -->
