<?xml version="1.0" encoding="UTF-8"?>
<!-- Generated by org.testng.reporters.JUnitReportReporter -->
<testsuite hostname="Vyacheslav-ой" name="com.example.tests.ContactRemovalTests" tests="1" failures="0" timestamp="5 Jan 2013 12:52:35 GMT" time="3.320" errors="0">
  <testcase name="deleteSomeContact" time="3.320" classname="com.example.tests.ContactRemovalTests"/>
</testsuite> <!-- com.example.tests.ContactRemovalTests -->
