<?xml version="1.0" encoding="UTF-8"?>
<!-- Generated by org.testng.reporters.JUnitReportReporter -->
<testsuite hostname="Vyacheslav-ой" name="com.example.tests.GroupCreationTests" tests="5" failures="0" timestamp="27 Dec 2012 18:15:00 GMT" time="12.226" errors="0">
  <testcase name="GroupCreationWithValidData" time="2.962" classname="com.example.tests.GroupCreationTests"/>
  <testcase name="GroupCreationWithValidData" time="2.538" classname="com.example.tests.GroupCreationTests"/>
  <testcase name="GroupCreationWithValidData" time="2.331" classname="com.example.tests.GroupCreationTests"/>
  <testcase name="GroupCreationWithValidData" time="2.180" classname="com.example.tests.GroupCreationTests"/>
  <testcase name="GroupCreationWithValidData" time="2.215" classname="com.example.tests.GroupCreationTests"/>
</testsuite> <!-- com.example.tests.GroupCreationTests -->
