<?xml version="1.0" encoding="UTF-8"?>
<!-- Generated by org.testng.reporters.JUnitReportReporter -->
<testsuite hostname="Vyacheslav-ой" name="com.example.tests.ContatCreationTests" tests="5" failures="0" timestamp="12 Jan 2013 13:37:33 GMT" time="43.105" errors="0">
  <testcase name="testContactCreationWithValidData" time="9.891" classname="com.example.tests.ContatCreationTests"/>
  <testcase name="testContactCreationWithValidData" time="8.783" classname="com.example.tests.ContatCreationTests"/>
  <testcase name="testContactCreationWithValidData" time="7.497" classname="com.example.tests.ContatCreationTests"/>
  <testcase name="testContactCreationWithValidData" time="9.392" classname="com.example.tests.ContatCreationTests"/>
  <testcase name="testContactCreationWithValidData" time="7.542" classname="com.example.tests.ContatCreationTests"/>
</testsuite> <!-- com.example.tests.ContatCreationTests -->
