<?xml version="1.0" encoding="UTF-8"?>
<!-- Generated by org.testng.reporters.JUnitReportReporter -->
<testsuite hostname="Vyacheslav-ой" name="com.example.tests.AlsoGroupCreationTests" tests="2" failures="0" timestamp="2 Dec 2012 14:17:51 GMT" time="2.367" errors="0">
  <testcase name="testNonEmtpyGroupCreation" time="1.086" classname="com.example.tests.AlsoGroupCreationTests"/>
  <testcase name="testEmtpyGroupCreation" time="1.281" classname="com.example.tests.AlsoGroupCreationTests"/>
</testsuite> <!-- com.example.tests.AlsoGroupCreationTests -->
