<?xml version="1.0" encoding="UTF-8"?>
<!-- Generated by org.testng.reporters.JUnitReportReporter -->
<testsuite hostname="Vyacheslav-ой" name="com.example.tests.ContatCreationTests" tests="2" failures="0" timestamp="19 Dec 2012 08:29:28 GMT" time="4.435" errors="0">
  <testcase name="testEmptyContactCreation" time="2.460" classname="com.example.tests.ContatCreationTests"/>
  <testcase name="testNonEmptyContactCreation" time="1.975" classname="com.example.tests.ContatCreationTests"/>
</testsuite> <!-- com.example.tests.ContatCreationTests -->
