<?xml version="1.0" encoding="UTF-8"?>
<!-- Generated by org.testng.reporters.JUnitReportReporter -->
<testsuite hostname="Vyacheslav-ой" name="com.example.tests.AlsoGroupCreationTests" tests="2" failures="0" timestamp="15 Dec 2012 09:43:30 GMT" time="2.779" errors="0">
  <testcase name="testEmtpyGroupCreation" time="1.548" classname="com.example.tests.AlsoGroupCreationTests"/>
  <testcase name="testNonEmtpyGroupCreation" time="1.231" classname="com.example.tests.AlsoGroupCreationTests"/>
</testsuite> <!-- com.example.tests.AlsoGroupCreationTests -->
