<?xml version="1.0" encoding="UTF-8"?>
<!-- Generated by org.testng.reporters.JUnitReportReporter -->
<testsuite hostname="Vyacheslav-ой" name="com.example.tests.ContatCreationTests" tests="2" failures="0" timestamp="4 Jan 2013 17:15:59 GMT" time="9.321" errors="0">
  <testcase name="testNonEmptyContactCreation" time="4.952" classname="com.example.tests.ContatCreationTests"/>
  <testcase name="testEmptyContactCreation" time="4.369" classname="com.example.tests.ContatCreationTests"/>
</testsuite> <!-- com.example.tests.ContatCreationTests -->
