<?xml version="1.0" encoding="UTF-8"?>
<!-- Generated by org.testng.reporters.JUnitReportReporter -->
<testsuite hostname="Vyacheslav-ой" name="com.example.tests.ContatCreationTests" tests="2" failures="0" timestamp="22 Dec 2012 16:44:11 GMT" time="6.724" errors="0">
  <testcase name="testNonEmptyContactCreation" time="3.779" classname="com.example.tests.ContatCreationTests"/>
  <testcase name="testEmptyContactCreation" time="2.945" classname="com.example.tests.ContatCreationTests"/>
</testsuite> <!-- com.example.tests.ContatCreationTests -->
