<?xml version="1.0" encoding="UTF-8"?>
<!-- Generated by org.testng.reporters.JUnitReportReporter -->
<testsuite hostname="Vyacheslav-ой" name="com.example.tests.AlsoGroupCreationTests" tests="2" failures="0" timestamp="8 Dec 2012 19:30:28 GMT" time="2.591" errors="0">
  <testcase name="testNonEmtpyGroupCreation" time="1.176" classname="com.example.tests.AlsoGroupCreationTests"/>
  <testcase name="testEmtpyGroupCreation" time="1.415" classname="com.example.tests.AlsoGroupCreationTests"/>
</testsuite> <!-- com.example.tests.AlsoGroupCreationTests -->
