<?xml version="1.0" encoding="UTF-8"?>
<!-- Generated by org.testng.reporters.JUnitReportReporter -->
<testsuite hostname="Vyacheslav-ой" name="com.example.tests.ContactCreationTests" tests="2" failures="0" timestamp="2 Dec 2012 14:17:51 GMT" time="4.200" errors="0">
  <testcase name="test1EmpryContactCreation" time="2.079" classname="com.example.tests.ContactCreationTests"/>
  <testcase name="test1NonEmpryContactCreation" time="2.121" classname="com.example.tests.ContactCreationTests"/>
</testsuite> <!-- com.example.tests.ContactCreationTests -->
