<?xml version="1.0" encoding="UTF-8"?>
<!-- Generated by org.testng.reporters.JUnitReportReporter -->
<testsuite hostname="Vyacheslav-ой" name="com.example.tests.GroupCreationTests" tests="2" failures="0" timestamp="30 Nov 2012 17:09:27 GMT" time="1.793" errors="0">
  <testcase name="testEmtpyGroupCreation" time="0.876" classname="com.example.tests.GroupCreationTests"/>
  <testcase name="testNonEmtpyGroupCreation" time="0.917" classname="com.example.tests.GroupCreationTests"/>
</testsuite> <!-- com.example.tests.GroupCreationTests -->
