<?xml version="1.0" encoding="UTF-8"?>
<!-- Generated by org.testng.reporters.JUnitReportReporter -->
<testsuite hostname="Vyacheslav-ой" name="com.example.tests.GroupCreationTests" tests="2" failures="0" timestamp="28 Nov 2012 20:40:38 GMT" time="2.330" errors="0">
  <testcase name="testEmtpyGroupCreation" time="1.345" classname="com.example.tests.GroupCreationTests"/>
  <testcase name="testNonEmtpyGroupCreation" time="0.985" classname="com.example.tests.GroupCreationTests"/>
</testsuite> <!-- com.example.tests.GroupCreationTests -->
