<?xml version="1.0" encoding="UTF-8"?>
<!-- Generated by org.testng.reporters.JUnitReportReporter -->
<testsuite hostname="Vyacheslav-ой" name="com.example.tests.GroupModificationTests" tests="1" failures="0" timestamp="4 Jan 2013 16:29:25 GMT" time="2.307" errors="0">
  <testcase name="modifySomeGroup" time="2.307" classname="com.example.tests.GroupModificationTests"/>
</testsuite> <!-- com.example.tests.GroupModificationTests -->
