<?xml version="1.0" encoding="UTF-8"?>
<!-- Generated by org.testng.reporters.JUnitReportReporter -->
<testsuite hostname="Vyacheslav-ой" name="com.example.tests.ContactCreationTests" tests="2" failures="0" timestamp="30 Nov 2012 17:09:27 GMT" time="3.635" errors="0">
  <testcase name="test1NonEmpryContactCreation" time="1.758" classname="com.example.tests.ContactCreationTests"/>
  <testcase name="test1EmpryContactCreation" time="1.877" classname="com.example.tests.ContactCreationTests"/>
</testsuite> <!-- com.example.tests.ContactCreationTests -->
