<?xml version="1.0" encoding="UTF-8"?>
<!-- Generated by org.testng.reporters.JUnitReportReporter -->
<testsuite hostname="Vyacheslav-ой" name="com.example.tests.GroupRemovalTests" tests="1" failures="0" timestamp="18 Dec 2012 09:06:33 GMT" time="1.127" errors="0">
  <testcase name="deleteSomeGroup" time="1.127" classname="com.example.tests.GroupRemovalTests"/>
</testsuite> <!-- com.example.tests.GroupRemovalTests -->
