<?xml version="1.0" encoding="UTF-8"?>
<!-- Generated by org.testng.reporters.JUnitReportReporter -->
<testsuite hostname="Vyacheslav-ой" name="com.example.tests.ContatCreationTests" tests="5" failures="0" timestamp="5 Jan 2013 12:51:23 GMT" time="25.810" errors="0">
  <testcase name="testContactCreationWithValidData" time="5.165" classname="com.example.tests.ContatCreationTests"/>
  <testcase name="testContactCreationWithValidData" time="5.244" classname="com.example.tests.ContatCreationTests"/>
  <testcase name="testContactCreationWithValidData" time="5.158" classname="com.example.tests.ContatCreationTests"/>
  <testcase name="testContactCreationWithValidData" time="5.373" classname="com.example.tests.ContatCreationTests"/>
  <testcase name="testContactCreationWithValidData" time="4.870" classname="com.example.tests.ContatCreationTests"/>
</testsuite> <!-- com.example.tests.ContatCreationTests -->
