<?xml version="1.0" encoding="UTF-8"?>
<!-- Generated by org.testng.reporters.JUnitReportReporter -->
<testsuite hostname="Vyacheslav-ой" name="com.example.tests.AlsoGroupCreationTests" tests="2" failures="0" timestamp="28 Nov 2012 20:40:38 GMT" time="2.255" errors="0">
  <testcase name="testNonEmtpyGroupCreation" time="0.955" classname="com.example.tests.AlsoGroupCreationTests"/>
  <testcase name="testEmtpyGroupCreation" time="1.300" classname="com.example.tests.AlsoGroupCreationTests"/>
</testsuite> <!-- com.example.tests.AlsoGroupCreationTests -->
