<?xml version="1.0" encoding="UTF-8"?>
<!-- Generated by org.testng.reporters.JUnitReportReporter -->
<testsuite hostname="Vyacheslav-ой" name="com.example.tests.GroupModificationTests" tests="1" failures="0" timestamp="21 Dec 2012 18:20:29 GMT" time="90.916" errors="0">
  <testcase name="modifySomeGroup" time="90.916" classname="com.example.tests.GroupModificationTests"/>
</testsuite> <!-- com.example.tests.GroupModificationTests -->
