<?xml version="1.0" encoding="UTF-8"?>
<!-- Generated by org.testng.reporters.JUnitReportReporter -->
<testsuite hostname="Vyacheslav-ой" name="com.example.tests.ContatCreationTests" tests="2" failures="0" timestamp="16 Dec 2012 13:27:49 GMT" time="3.520" errors="0">
  <testcase name="testEmptyContactCreation" time="2.687" classname="com.example.tests.ContatCreationTests"/>
  <testcase name="testNonEmptyContactCreation" time="0.833" classname="com.example.tests.ContatCreationTests"/>
</testsuite> <!-- com.example.tests.ContatCreationTests -->
