<?xml version="1.0" encoding="UTF-8"?>
<!-- Generated by org.testng.reporters.JUnitReportReporter -->
<testsuite hostname="Vyacheslav-ой" name="com.example.tests.ContatCreationTests" tests="2" failures="0" timestamp="17 Dec 2012 21:26:02 GMT" time="4.090" errors="0">
  <testcase name="testNonEmptyContactCreation" time="1.999" classname="com.example.tests.ContatCreationTests"/>
  <testcase name="testEmptyContactCreation" time="2.091" classname="com.example.tests.ContatCreationTests"/>
</testsuite> <!-- com.example.tests.ContatCreationTests -->
