<?xml version="1.0" encoding="UTF-8"?>
<!-- Generated by org.testng.reporters.JUnitReportReporter -->
<testsuite hostname="Vyacheslav-ой" name="com.example.tests.ContatCreationTests" tests="2" failures="0" timestamp="16 Dec 2012 13:36:27 GMT" time="2.772" errors="0">
  <testcase name="testEmptyContactCreation" time="1.957" classname="com.example.tests.ContatCreationTests"/>
  <testcase name="testNonEmptyContactCreation" time="0.815" classname="com.example.tests.ContatCreationTests"/>
</testsuite> <!-- com.example.tests.ContatCreationTests -->
