<?xml version="1.0" encoding="UTF-8"?>
<!-- Generated by org.testng.reporters.JUnitReportReporter -->
<testsuite hostname="Vyacheslav-ой" name="com.example.tests.GroupRemovalTests" tests="1" failures="0" timestamp="26 Dec 2012 12:44:27 GMT" time="2.449" errors="0">
  <testcase name="deleteSomeGroup" time="2.449" classname="com.example.tests.GroupRemovalTests"/>
</testsuite> <!-- com.example.tests.GroupRemovalTests -->
