<?xml version="1.0" encoding="UTF-8"?>
<!-- Generated by org.testng.reporters.JUnitReportReporter -->
<testsuite hostname="Vyacheslav-ой" name="com.example.tests.GroupCreationTests" tests="2" failures="0" timestamp="21 Dec 2012 18:13:58 GMT" time="12.614" errors="0">
  <testcase name="testNonEmptyGroupCreation" time="1.111" classname="com.example.tests.GroupCreationTests"/>
  <testcase name="testEmptyGroupCreation" time="11.503" classname="com.example.tests.GroupCreationTests"/>
</testsuite> <!-- com.example.tests.GroupCreationTests -->
