<?xml version="1.0" encoding="UTF-8"?>
<!-- Generated by org.testng.reporters.JUnitReportReporter -->
<testsuite hostname="Vyacheslav-ой" name="com.example.tests.ContactModificationTests" tests="1" failures="0" timestamp="4 Jan 2013 20:10:28 GMT" time="34.013" errors="0">
  <testcase name="modifySomeContact" time="34.013" classname="com.example.tests.ContactModificationTests"/>
</testsuite> <!-- com.example.tests.ContactModificationTests -->
