<?xml version="1.0" encoding="UTF-8"?>
<!-- Generated by org.testng.reporters.JUnitReportReporter -->
<testsuite hostname="Vyacheslav-ой" name="com.example.tests.GroupCreationTests" tests="2" failures="0" timestamp="2 Dec 2012 14:17:51 GMT" time="2.086" errors="0">
  <testcase name="testEmtpyGroupCreation" time="0.975" classname="com.example.tests.GroupCreationTests"/>
  <testcase name="testNonEmtpyGroupCreation" time="1.111" classname="com.example.tests.GroupCreationTests"/>
</testsuite> <!-- com.example.tests.GroupCreationTests -->
