<?xml version="1.0" encoding="UTF-8"?>
<!-- Generated by org.testng.reporters.JUnitReportReporter -->
<testsuite hostname="Vyacheslav-ой" name="com.example.tests.ContatCreationTests" tests="2" failures="0" timestamp="16 Dec 2012 14:31:02 GMT" time="2.747" errors="0">
  <testcase name="testEmptyContactCreation" time="1.970" classname="com.example.tests.ContatCreationTests"/>
  <testcase name="testNonEmptyContactCreation" time="0.777" classname="com.example.tests.ContatCreationTests"/>
</testsuite> <!-- com.example.tests.ContatCreationTests -->
