<?xml version="1.0" encoding="UTF-8"?>
<!-- Generated by org.testng.reporters.JUnitReportReporter -->
<testsuite hostname="Vyacheslav-ой" name="com.example.tests.GroupModificationTests" tests="1" failures="0" timestamp="18 Dec 2012 16:23:09 GMT" time="60.930" errors="0">
  <testcase name="modifySomeGroup" time="60.930" classname="com.example.tests.GroupModificationTests"/>
</testsuite> <!-- com.example.tests.GroupModificationTests -->
