<?xml version="1.0" encoding="UTF-8"?>
<!-- Generated by org.testng.reporters.JUnitReportReporter -->
<testsuite hostname="Vyacheslav-ой" name="com.example.tests.GroupCreationTests" tests="1" failures="0" timestamp="25 Dec 2012 07:14:55 GMT" time="2.700" errors="0">
  <testcase name="testNonEmptyGroupCreation" time="2.700" classname="com.example.tests.GroupCreationTests"/>
</testsuite> <!-- com.example.tests.GroupCreationTests -->
