<?xml version="1.0" encoding="UTF-8"?>
<!-- Generated by org.testng.reporters.JUnitReportReporter -->
<testsuite hostname="Vyacheslav-ой" name="com.example.tests.ContactRemovalTests" tests="1" failures="0" timestamp="18 Dec 2012 15:24:54 GMT" time="31.799" errors="0">
  <testcase name="deleteSomeContact" time="31.799" classname="com.example.tests.ContactRemovalTests"/>
</testsuite> <!-- com.example.tests.ContactRemovalTests -->
