<?xml version="1.0" encoding="UTF-8"?>
<!-- Generated by org.testng.reporters.JUnitReportReporter -->
<testsuite hostname="Vyacheslav-ой" name="com.example.tests.AlsoGroupCreationTests" tests="2" failures="0" timestamp="2 Dec 2012 11:30:38 GMT" time="2.615" errors="0">
  <testcase name="testEmtpyGroupCreation" time="1.523" classname="com.example.tests.AlsoGroupCreationTests"/>
  <testcase name="testNonEmtpyGroupCreation" time="1.092" classname="com.example.tests.AlsoGroupCreationTests"/>
</testsuite> <!-- com.example.tests.AlsoGroupCreationTests -->
