<?xml version="1.0" encoding="UTF-8"?>
<!-- Generated by org.testng.reporters.JUnitReportReporter -->
<testsuite hostname="Vyacheslav-ой" name="com.example.tests.GroupRemovalTests" tests="1" failures="0" timestamp="8 Jan 2013 17:05:12 GMT" time="1.716" errors="0">
  <testcase name="deleteSomeGroup" time="1.716" classname="com.example.tests.GroupRemovalTests"/>
</testsuite> <!-- com.example.tests.GroupRemovalTests -->
