<?xml version="1.0" encoding="UTF-8"?>
<!-- Generated by org.testng.reporters.JUnitReportReporter -->
<testsuite hostname="Vyacheslav-ой" name="com.example.tests.GroupModificationTests" tests="5" failures="0" timestamp="8 Jan 2013 17:04:53 GMT" time="9.922" errors="0">
  <testcase name="modifySomeGroup" time="1.916" classname="com.example.tests.GroupModificationTests"/>
  <testcase name="modifySomeGroup" time="2.211" classname="com.example.tests.GroupModificationTests"/>
  <testcase name="modifySomeGroup" time="2.086" classname="com.example.tests.GroupModificationTests"/>
  <testcase name="modifySomeGroup" time="1.836" classname="com.example.tests.GroupModificationTests"/>
  <testcase name="modifySomeGroup" time="1.873" classname="com.example.tests.GroupModificationTests"/>
</testsuite> <!-- com.example.tests.GroupModificationTests -->
