<?xml version="1.0" encoding="UTF-8"?>
<!-- Generated by org.testng.reporters.JUnitReportReporter -->
<testsuite hostname="Vyacheslav-ой" name="com.example.tests.GroupModificationTests" tests="1" failures="0" timestamp="22 Dec 2012 13:07:19 GMT" time="1.758" errors="0">
  <testcase name="modifySomeGroup" time="1.758" classname="com.example.tests.GroupModificationTests"/>
</testsuite> <!-- com.example.tests.GroupModificationTests -->
