<?xml version="1.0" encoding="UTF-8"?>
<!-- Generated by org.testng.reporters.JUnitReportReporter -->
<testsuite hostname="Vyacheslav-ой" name="com.example.tests.ContactRemovalTests" tests="1" failures="0" timestamp="4 Jan 2013 18:03:21 GMT" time="2.882" errors="0">
  <testcase name="deleteSomeContact" time="2.882" classname="com.example.tests.ContactRemovalTests"/>
</testsuite> <!-- com.example.tests.ContactRemovalTests -->
